<?xml version="1.0" encoding="UTF-8"?>
<!-- Generated by org.testng.reporters.JUnitXMLReporter -->
<testsuite ignored="0" hostname="DESKTOP-P6KQ8GT" failures="1" tests="1" name="Test2" time="21.934" errors="0" timestamp="2023-12-25T19:28:53 IST">
  <testcase classname="testcase.Header_TC" name="head" time="13.507">
    <failure type="java.lang.AssertionError" message="Link is not present expected [true] but found [false]">
      <![CDATA[java.lang.AssertionError: Link is not present expected [true] but found [false]
at testcase.Header_TC.head(Header_TC.java:23)
at java.base/java.util.ArrayList.forEach(ArrayList.java:1511)
... Removed 33 stack frames]]>
    </failure>
  </testcase> <!-- head -->
</testsuite> <!-- Test2 -->
