<?xml version="1.0" encoding="UTF-8"?>
<!-- Generated by org.testng.reporters.JUnitXMLReporter -->
<testsuite ignored="2" hostname="DESKTOP-P6KQ8GT" failures="1" tests="2" name="Test" time="47.007" errors="0" timestamp="2023-12-26T17:08:11 IST">
  <testcase classname="testcase.HomePageBody_TC" name="hpb" time="6.605"/>
  <testcase classname="testcase.Header_TC" name="head" time="13.15">
    <failure type="java.lang.AssertionError" message="Link is not present expected [true] but found [false]">
      <![CDATA[java.lang.AssertionError: Link is not present expected [true] but found [false]
at testcase.Header_TC.head(Header_TC.java:23)
at java.base/java.util.ArrayList.forEach(ArrayList.java:1511)
... Removed 33 stack frames]]>
    </failure>
  </testcase> <!-- head -->
  <testcase classname="utility.BaseTest" name="@BeforeSuite display1" time="0.0">
    <ignored/>
  </testcase> <!-- @BeforeSuite display1 -->
  <testcase classname="utility.BaseTest" name="@AfterSuite display2" time="0.0">
    <ignored/>
  </testcase> <!-- @AfterSuite display2 -->
</testsuite> <!-- Test -->
