<?xml version="1.0" encoding="UTF-8"?>
<!-- Generated by org.testng.reporters.JUnitXMLReporter -->
<testsuite ignored="2" hostname="LAPTOP-SK81EO6B" failures="0" tests="1" name="Test1" time="46.145" errors="0" timestamp="2024-03-05T14:06:20 IST">
  <testcase classname="testcase.HomePageBody_TC" name="hpb" time="0.089"/>
  <testcase classname="utility.BaseTest" name="@AfterSuite display2" time="0.0">
    <ignored/>
  </testcase> <!-- @AfterSuite display2 -->
  <testcase classname="utility.BaseTest" name="@BeforeSuite display1" time="0.0">
    <ignored/>
  </testcase> <!-- @BeforeSuite display1 -->
</testsuite> <!-- Test1 -->
