<?xml version="1.0" encoding="UTF-8"?>
<!-- Generated by org.testng.reporters.JUnitXMLReporter -->
<testsuite ignored="2" hostname="DESKTOP-P6KQ8GT" failures="1" tests="2" name="Test" time="61.898" errors="0" timestamp="2023-12-28T17:11:32 IST">
  <testcase classname="testcase.HomePageBody_TC" name="hpb" time="3.814"/>
  <testcase classname="testcase.Header_TC" name="head" time="12.713">
    <failure type="java.lang.AssertionError" message="Link is not present expected [true] but found [false]">
      <![CDATA[java.lang.AssertionError: Link is not present expected [true] but found [false]
at testcase.Header_TC.head(Header_TC.java:23)
at java.base/java.util.ArrayList.forEach(ArrayList.java:1511)
at java.base/java.util.concurrent.FutureTask.run(FutureTask.java:264)
at java.base/java.util.concurrent.ThreadPoolExecutor.runWorker(ThreadPoolExecutor.java:1136)
at java.base/java.util.concurrent.ThreadPoolExecutor$Worker.run(ThreadPoolExecutor.java:635)
at java.base/java.lang.Thread.run(Thread.java:833)
... Removed 23 stack frames]]>
    </failure>
  </testcase> <!-- head -->
  <testcase classname="utility.BaseTest" name="@BeforeSuite display1" time="0.0">
    <ignored/>
  </testcase> <!-- @BeforeSuite display1 -->
  <testcase classname="utility.BaseTest" name="@AfterSuite display2" time="0.0">
    <ignored/>
  </testcase> <!-- @AfterSuite display2 -->
</testsuite> <!-- Test -->
