<?xml version="1.0" encoding="UTF-8"?>
<!-- Generated by org.testng.reporters.JUnitXMLReporter -->
<testsuite ignored="0" hostname="DESKTOP-P6KQ8GT" failures="1" tests="1" name="Test1" time="27.732" errors="0" timestamp="2024-02-09T17:55:43 IST">
  <testcase classname="testcase.Header_TC" name="head" time="14.219">
    <failure type="java.lang.AssertionError" message="Link is not present expected [true] but found [false]">
      <![CDATA[java.lang.AssertionError: Link is not present expected [true] but found [false]
at testcase.Header_TC.head(Header_TC.java:23)
at java.base/java.util.ArrayList.forEach(ArrayList.java:1511)
at java.base/java.util.concurrent.FutureTask.run(FutureTask.java:264)
at java.base/java.util.concurrent.ThreadPoolExecutor.runWorker(ThreadPoolExecutor.java:1136)
at java.base/java.util.concurrent.ThreadPoolExecutor$Worker.run(ThreadPoolExecutor.java:635)
at java.base/java.lang.Thread.run(Thread.java:833)
... Removed 23 stack frames]]>
    </failure>
  </testcase> <!-- head -->
</testsuite> <!-- Test1 -->
