<?xml version="1.0" encoding="UTF-8"?>
<testng-results ignored="0" total="1" passed="1" failed="0" skipped="0">
  <reporter-output>
  </reporter-output>
  <suite started-at="2023-12-16T16:20:52 IST" name="Suite" finished-at="2023-12-16T16:21:01 IST" duration-ms="9751">
    <groups>
    </groups>
    <test started-at="2023-12-16T16:20:52 IST" name="Test" finished-at="2023-12-16T16:21:01 IST" duration-ms="9751">
      <class name="testcase.TestCollectionPage">
        <test-method is-config="true" signature="display1()[pri:0, instance:testcase.TestCollectionPage@459e9125]" started-at="2023-12-16T16:20:51 IST" name="display1" finished-at="2023-12-16T16:20:52 IST" duration-ms="358" status="PASS">
          <reporter-output>
          </reporter-output>
        </test-method> <!-- display1 -->
        <test-method is-config="true" signature="openBrowser()[pri:0, instance:testcase.TestCollectionPage@459e9125]" started-at="2023-12-16T16:20:52 IST" name="openBrowser" finished-at="2023-12-16T16:21:01 IST" duration-ms="9295" status="PASS">
          <reporter-output>
          </reporter-output>
        </test-method> <!-- openBrowser -->
        <test-method signature="header()[pri:0, instance:testcase.TestCollectionPage@459e9125]" started-at="2023-12-16T16:21:01 IST" name="header" description="Test-Header" finished-at="2023-12-16T16:21:01 IST" duration-ms="11" status="PASS">
          <reporter-output>
          </reporter-output>
        </test-method> <!-- header -->
        <test-method is-config="true" signature="closeBrowser()[pri:0, instance:testcase.TestCollectionPage@459e9125]" started-at="2023-12-16T16:21:01 IST" name="closeBrowser" finished-at="2023-12-16T16:21:01 IST" duration-ms="392" status="PASS">
          <reporter-output>
          </reporter-output>
        </test-method> <!-- closeBrowser -->
        <test-method is-config="true" signature="display2()[pri:0, instance:testcase.TestCollectionPage@459e9125]" started-at="2023-12-16T16:21:01 IST" name="display2" finished-at="2023-12-16T16:21:02 IST" duration-ms="849" status="PASS">
          <reporter-output>
          </reporter-output>
        </test-method> <!-- display2 -->
      </class> <!-- testcase.TestCollectionPage -->
    </test> <!-- Test -->
  </suite> <!-- Suite -->
</testng-results>
