<?xml version="1.0" encoding="UTF-8"?>
<testng-results ignored="0" total="1" passed="1" failed="0" skipped="0">
  <reporter-output>
  </reporter-output>
  <suite started-at="2023-12-20T16:20:48 IST" name="Suite" finished-at="2023-12-20T16:21:07 IST" duration-ms="19487">
    <groups>
    </groups>
    <test started-at="2023-12-20T16:20:48 IST" name="Test" finished-at="2023-12-20T16:21:07 IST" duration-ms="19487">
      <class name="testcase.HomePageBody_TC">
        <test-method is-config="true" signature="display1()[pri:0, instance:testcase.HomePageBody_TC@6574a52c]" started-at="2023-12-20T16:20:47 IST" name="display1" finished-at="2023-12-20T16:20:48 IST" duration-ms="421" status="PASS">
          <reporter-output>
          </reporter-output>
        </test-method> <!-- display1 -->
        <test-method is-config="true" signature="openBrowser()[pri:0, instance:testcase.HomePageBody_TC@6574a52c]" started-at="2023-12-20T16:20:48 IST" name="openBrowser" finished-at="2023-12-20T16:21:02 IST" duration-ms="14089" status="PASS">
          <reporter-output>
          </reporter-output>
        </test-method> <!-- openBrowser -->
        <test-method signature="hpb()[pri:0, instance:testcase.HomePageBody_TC@6574a52c]" started-at="2023-12-20T16:21:02 IST" name="hpb" description="HomePageBody_TC" finished-at="2023-12-20T16:21:07 IST" duration-ms="4814" status="PASS">
          <reporter-output>
          </reporter-output>
        </test-method> <!-- hpb -->
        <test-method is-config="true" signature="closeBrowser()[pri:0, instance:testcase.HomePageBody_TC@6574a52c]" started-at="2023-12-20T16:21:07 IST" name="closeBrowser" finished-at="2023-12-20T16:21:07 IST" duration-ms="531" status="PASS">
          <reporter-output>
          </reporter-output>
        </test-method> <!-- closeBrowser -->
        <test-method is-config="true" signature="display2()[pri:0, instance:testcase.HomePageBody_TC@6574a52c]" started-at="2023-12-20T16:21:07 IST" name="display2" finished-at="2023-12-20T16:21:08 IST" duration-ms="526" status="PASS">
          <reporter-output>
          </reporter-output>
        </test-method> <!-- display2 -->
      </class> <!-- testcase.HomePageBody_TC -->
    </test> <!-- Test -->
  </suite> <!-- Suite -->
</testng-results>
